{
  "0 debug pnpm:scope": {
    "selected": 1
  },
  "1 error pnpm": {
    "code": "ELIFECYCLE",
    "errno": "ENOENT",
    "syscall": "spawn",
    "file": "sh",
    "pkgid": "1.pomodoro@0.0.0",
    "stage": "dev",
    "script": "vite --host 0.0.0.0",
    "pkgname": "1.pomodoro",
    "err": {
      "name": "pnpm",
      "message": "1.pomodoro@0.0.0 dev: `vite --host 0.0.0.0`\nspawn ENOENT",
      "code": "ELIFECYCLE",
      "stack": "pnpm: 1.pomodoro@0.0.0 dev: `vite --host 0.0.0.0`\nspawn ENOENT\n    at ChildProcess.<anonymous> (/Users/chentaiyan/.nvm/versions/node/v14.17.2/pnpm-global/5/node_modules/.pnpm/pnpm@6.24.4/node_modules/pnpm/dist/pnpm.cjs:91795:22)\n    at ChildProcess.emit (events.js:375:28)\n    at maybeClose (internal/child_process.js:1055:16)\n    at Process.ChildProcess._handle.onexit (internal/child_process.js:288:5)"
    }
  },
  "2 warn pnpm:global": " Local package.json exists, but node_modules missing, did you mean to install?"
}